[2024-10-28T00:01:39.700] [INFO] resLogger - ------------response start------------response status: 200 
response result: {"msg":"上传成功","code":200} 
response all: {"request":{"method":"POST","url":"/upload-multiple","header":{"authorization":"Bearer eyJhbGciOiJIUzI1NiIsInR5cCI6IkpXVCJ9.eyJpZCI6MSwiZW1haWwiOm51bGwsImlhdCI6MTczMDA0MTE4MiwiZXhwIjoxNzMwMDc3MTgyfQ.vQcM8cQFv6-VbVIvXFrm3B7lPGnsrLHwI76cWBJOomU","user-agent":"PostmanRuntime/7.42.0","accept":"*/*","cache-control":"no-cache","postman-token":"1782d6f8-2867-45f7-a39b-1de0771ed798","host":"localhost:3000","accept-encoding":"gzip, deflate, br","connection":"keep-alive","content-type":"multipart/form-data; boundary=--------------------------275327199598287754431983","content-length":"243514"}},"response":{"status":200,"message":"OK","header":{"content-type":"application/json; charset=utf-8"}},"app":{"subdomainOffset":2,"proxy":false,"env":"development"},"originalUrl":"/upload-multiple","req":"<original node req>","res":"<original node res>","socket":"<original node socket>"} 
response time: 28 

[2024-10-28T00:02:14.955] [INFO] resLogger - ------------response start------------response status: 200 
response result: {"msg":"上传成功","code":200} 
response all: {"request":{"method":"POST","url":"/upload-multiple","header":{"authorization":"Bearer eyJhbGciOiJIUzI1NiIsInR5cCI6IkpXVCJ9.eyJpZCI6MSwiZW1haWwiOm51bGwsImlhdCI6MTczMDA0MTE4MiwiZXhwIjoxNzMwMDc3MTgyfQ.vQcM8cQFv6-VbVIvXFrm3B7lPGnsrLHwI76cWBJOomU","user-agent":"PostmanRuntime/7.42.0","accept":"*/*","cache-control":"no-cache","postman-token":"a89718f8-168d-4e7b-b796-52b93f4980eb","host":"localhost:3000","accept-encoding":"gzip, deflate, br","connection":"keep-alive","content-type":"multipart/form-data; boundary=--------------------------486648809248641522076166","content-length":"243514"}},"response":{"status":200,"message":"OK","header":{"content-type":"application/json; charset=utf-8"}},"app":{"subdomainOffset":2,"proxy":false,"env":"development"},"originalUrl":"/upload-multiple","req":"<original node req>","res":"<original node res>","socket":"<original node socket>"} 
response time: 15 

[2024-10-28T00:02:32.265] [INFO] resLogger - ------------response start------------response status: 200 
response result: {"msg":"上传成功","code":200} 
response all: {"request":{"method":"POST","url":"/upload-multiple","header":{"authorization":"Bearer eyJhbGciOiJIUzI1NiIsInR5cCI6IkpXVCJ9.eyJpZCI6MSwiZW1haWwiOm51bGwsImlhdCI6MTczMDA0MTE4MiwiZXhwIjoxNzMwMDc3MTgyfQ.vQcM8cQFv6-VbVIvXFrm3B7lPGnsrLHwI76cWBJOomU","user-agent":"PostmanRuntime/7.42.0","accept":"*/*","cache-control":"no-cache","postman-token":"7e7b0280-6f74-4176-a286-611938a38092","host":"localhost:3000","accept-encoding":"gzip, deflate, br","connection":"keep-alive","content-type":"multipart/form-data; boundary=--------------------------318325589180743080461590","content-length":"243514"}},"response":{"status":200,"message":"OK","header":{"content-type":"application/json; charset=utf-8"}},"app":{"subdomainOffset":2,"proxy":false,"env":"development"},"originalUrl":"/upload-multiple","req":"<original node req>","res":"<original node res>","socket":"<original node socket>"} 
response time: 15 

[2024-10-28T00:03:23.451] [INFO] resLogger - ------------response start------------response status: 200 
response result: {"msg":"上传成功","code":200} 
response all: {"request":{"method":"POST","url":"/upload-multiple","header":{"authorization":"Bearer eyJhbGciOiJIUzI1NiIsInR5cCI6IkpXVCJ9.eyJpZCI6MSwiZW1haWwiOm51bGwsImlhdCI6MTczMDA0MTE4MiwiZXhwIjoxNzMwMDc3MTgyfQ.vQcM8cQFv6-VbVIvXFrm3B7lPGnsrLHwI76cWBJOomU","user-agent":"PostmanRuntime/7.42.0","accept":"*/*","cache-control":"no-cache","postman-token":"dcdf665e-ef2e-4066-ab80-aa5b62f5d1bc","host":"localhost:3000","accept-encoding":"gzip, deflate, br","connection":"keep-alive","content-type":"multipart/form-data; boundary=--------------------------273270091895417254789335","content-length":"243514"}},"response":{"status":200,"message":"OK","header":{"content-type":"application/json; charset=utf-8"}},"app":{"subdomainOffset":2,"proxy":false,"env":"development"},"originalUrl":"/upload-multiple","req":"<original node req>","res":"<original node res>","socket":"<original node socket>"} 
response time: 17 

[2024-10-28T00:03:34.663] [INFO] resLogger - ------------response start------------response status: 200 
response result: {"msg":"上传成功","code":200} 
response all: {"request":{"method":"POST","url":"/upload-multiple","header":{"authorization":"Bearer eyJhbGciOiJIUzI1NiIsInR5cCI6IkpXVCJ9.eyJpZCI6MSwiZW1haWwiOm51bGwsImlhdCI6MTczMDA0MTE4MiwiZXhwIjoxNzMwMDc3MTgyfQ.vQcM8cQFv6-VbVIvXFrm3B7lPGnsrLHwI76cWBJOomU","user-agent":"PostmanRuntime/7.42.0","accept":"*/*","cache-control":"no-cache","postman-token":"10cd0e0c-8644-47db-ac49-ae5253fc6397","host":"localhost:3000","accept-encoding":"gzip, deflate, br","connection":"keep-alive","content-type":"multipart/form-data; boundary=--------------------------396323860863127858703538","content-length":"243514"}},"response":{"status":200,"message":"OK","header":{"content-type":"application/json; charset=utf-8"}},"app":{"subdomainOffset":2,"proxy":false,"env":"development"},"originalUrl":"/upload-multiple","req":"<original node req>","res":"<original node res>","socket":"<original node socket>"} 
response time: 17 

[2024-10-28T00:05:13.105] [INFO] resLogger - ------------response start------------response status: 200 
response result: {"msg":"上传成功","code":200} 
response all: {"request":{"method":"POST","url":"/upload-multiple","header":{"authorization":"Bearer eyJhbGciOiJIUzI1NiIsInR5cCI6IkpXVCJ9.eyJpZCI6MSwiZW1haWwiOm51bGwsImlhdCI6MTczMDA0MTE4MiwiZXhwIjoxNzMwMDc3MTgyfQ.vQcM8cQFv6-VbVIvXFrm3B7lPGnsrLHwI76cWBJOomU","user-agent":"PostmanRuntime/7.42.0","accept":"*/*","cache-control":"no-cache","postman-token":"226e6daf-655c-4790-b5cc-067a0a3603f0","host":"localhost:3000","accept-encoding":"gzip, deflate, br","connection":"keep-alive","content-type":"multipart/form-data; boundary=--------------------------234516654555731018909655","content-length":"243514"}},"response":{"status":200,"message":"OK","header":{"content-type":"application/json; charset=utf-8"}},"app":{"subdomainOffset":2,"proxy":false,"env":"development"},"originalUrl":"/upload-multiple","req":"<original node req>","res":"<original node res>","socket":"<original node socket>"} 
response time: 19 

[2024-10-28T00:05:55.249] [INFO] resLogger - ------------response start------------response status: 200 
response result: {"msg":"上传成功","code":200} 
response all: {"request":{"method":"POST","url":"/upload-multiple","header":{"authorization":"Bearer eyJhbGciOiJIUzI1NiIsInR5cCI6IkpXVCJ9.eyJpZCI6MSwiZW1haWwiOm51bGwsImlhdCI6MTczMDA0MTE4MiwiZXhwIjoxNzMwMDc3MTgyfQ.vQcM8cQFv6-VbVIvXFrm3B7lPGnsrLHwI76cWBJOomU","user-agent":"PostmanRuntime/7.42.0","accept":"*/*","cache-control":"no-cache","postman-token":"880406b2-eaf3-4a26-9507-73c740b2d805","host":"localhost:3000","accept-encoding":"gzip, deflate, br","connection":"keep-alive","content-type":"multipart/form-data; boundary=--------------------------941533457471967489697402","content-length":"243514"}},"response":{"status":200,"message":"OK","header":{"content-type":"application/json; charset=utf-8"}},"app":{"subdomainOffset":2,"proxy":false,"env":"development"},"originalUrl":"/upload-multiple","req":"<original node req>","res":"<original node res>","socket":"<original node socket>"} 
response time: 19 

[2024-10-28T00:08:53.777] [INFO] resLogger - ------------response start------------response status: 200 
response result: {"msg":"上传成功","code":200,"data":["4D2IRU{EV94J2K7X~}ZEMHT.jpg","5XG5J4{G9NSZWEUT)0_BT9F.png"]} 
response all: {"request":{"method":"POST","url":"/upload-multiple","header":{"authorization":"Bearer eyJhbGciOiJIUzI1NiIsInR5cCI6IkpXVCJ9.eyJpZCI6MSwiZW1haWwiOm51bGwsImlhdCI6MTczMDA0MTE4MiwiZXhwIjoxNzMwMDc3MTgyfQ.vQcM8cQFv6-VbVIvXFrm3B7lPGnsrLHwI76cWBJOomU","user-agent":"PostmanRuntime/7.42.0","accept":"*/*","cache-control":"no-cache","postman-token":"322a9835-d6f7-4178-be02-d280490a6ad8","host":"localhost:3000","accept-encoding":"gzip, deflate, br","connection":"keep-alive","content-type":"multipart/form-data; boundary=--------------------------748404824531801799210162","content-length":"243514"}},"response":{"status":200,"message":"OK","header":{"content-type":"application/json; charset=utf-8"}},"app":{"subdomainOffset":2,"proxy":false,"env":"development"},"originalUrl":"/upload-multiple","req":"<original node req>","res":"<original node res>","socket":"<original node socket>"} 
response time: 30 

