[2024-10-11T15:39:36.219] [INFO] resLogger - ------------response start------------response status: 200 
response result: {"data":null,"message":"邮箱已存在","status":400} 
response all: {"request":{"method":"POST","url":"/app-api/register","header":{"content-type":"application/json","user-agent":"PostmanRuntime/7.42.0","accept":"*/*","cache-control":"no-cache","postman-token":"1375747b-1986-47b4-a705-3ed5baeba7d3","host":"localhost:3000","accept-encoding":"gzip, deflate, br","connection":"keep-alive","content-length":"65"}},"response":{"status":200,"message":"OK","header":{"content-type":"application/json; charset=utf-8"}},"app":{"subdomainOffset":2,"proxy":false,"env":"development"},"originalUrl":"/app-api/register","req":"<original node req>","res":"<original node res>","socket":"<original node socket>"} 
response time: 5 

[2024-10-11T15:39:44.584] [INFO] resLogger - ------------response start------------response status: 200 
response result: {"data":null,"message":"邮箱已存在","status":400} 
response all: {"request":{"method":"POST","url":"/app-api/register","header":{"content-type":"application/json","user-agent":"PostmanRuntime/7.42.0","accept":"*/*","cache-control":"no-cache","postman-token":"61ce4c5c-aebc-479c-a609-4325f09875b9","host":"localhost:3000","accept-encoding":"gzip, deflate, br","connection":"keep-alive","content-length":"65"}},"response":{"status":200,"message":"OK","header":{"content-type":"application/json; charset=utf-8"}},"app":{"subdomainOffset":2,"proxy":false,"env":"development"},"originalUrl":"/app-api/register","req":"<original node req>","res":"<original node res>","socket":"<original node socket>"} 
response time: 11 

[2024-10-11T15:39:45.132] [INFO] resLogger - ------------response start------------response status: 200 
response result: {"data":null,"message":"邮箱已存在","status":400} 
response all: {"request":{"method":"POST","url":"/app-api/register","header":{"content-type":"application/json","user-agent":"PostmanRuntime/7.42.0","accept":"*/*","cache-control":"no-cache","postman-token":"0f416bb9-5554-48ec-b12c-71ec53fe5ab3","host":"localhost:3000","accept-encoding":"gzip, deflate, br","connection":"keep-alive","content-length":"65"}},"response":{"status":200,"message":"OK","header":{"content-type":"application/json; charset=utf-8"}},"app":{"subdomainOffset":2,"proxy":false,"env":"development"},"originalUrl":"/app-api/register","req":"<original node req>","res":"<original node res>","socket":"<original node socket>"} 
response time: 2 

[2024-10-11T15:39:45.572] [INFO] resLogger - ------------response start------------response status: 200 
response result: {"data":null,"message":"邮箱已存在","status":400} 
response all: {"request":{"method":"POST","url":"/app-api/register","header":{"content-type":"application/json","user-agent":"PostmanRuntime/7.42.0","accept":"*/*","cache-control":"no-cache","postman-token":"0335129d-30cb-4e13-8137-0cbdb86ca81e","host":"localhost:3000","accept-encoding":"gzip, deflate, br","connection":"keep-alive","content-length":"65"}},"response":{"status":200,"message":"OK","header":{"content-type":"application/json; charset=utf-8"}},"app":{"subdomainOffset":2,"proxy":false,"env":"development"},"originalUrl":"/app-api/register","req":"<original node req>","res":"<original node res>","socket":"<original node socket>"} 
response time: 4 

[2024-10-11T15:39:46.247] [INFO] resLogger - ------------response start------------response status: 200 
response result: {"data":null,"message":"邮箱已存在","status":400} 
response all: {"request":{"method":"POST","url":"/app-api/register","header":{"content-type":"application/json","user-agent":"PostmanRuntime/7.42.0","accept":"*/*","cache-control":"no-cache","postman-token":"a358e869-f084-4a51-ac11-21e9bf98de88","host":"localhost:3000","accept-encoding":"gzip, deflate, br","connection":"keep-alive","content-length":"65"}},"response":{"status":200,"message":"OK","header":{"content-type":"application/json; charset=utf-8"}},"app":{"subdomainOffset":2,"proxy":false,"env":"development"},"originalUrl":"/app-api/register","req":"<original node req>","res":"<original node res>","socket":"<original node socket>"} 
response time: 2 

[2024-10-11T15:39:46.743] [INFO] resLogger - ------------response start------------response status: 200 
response result: {"data":null,"message":"邮箱已存在","status":400} 
response all: {"request":{"method":"POST","url":"/app-api/register","header":{"content-type":"application/json","user-agent":"PostmanRuntime/7.42.0","accept":"*/*","cache-control":"no-cache","postman-token":"0839442a-4a4b-4d98-9ae5-430160154980","host":"localhost:3000","accept-encoding":"gzip, deflate, br","connection":"keep-alive","content-length":"65"}},"response":{"status":200,"message":"OK","header":{"content-type":"application/json; charset=utf-8"}},"app":{"subdomainOffset":2,"proxy":false,"env":"development"},"originalUrl":"/app-api/register","req":"<original node req>","res":"<original node res>","socket":"<original node socket>"} 
response time: 4 

[2024-10-11T15:39:47.252] [INFO] resLogger - ------------response start------------response status: 200 
response result: {"data":null,"message":"邮箱已存在","status":400} 
response all: {"request":{"method":"POST","url":"/app-api/register","header":{"content-type":"application/json","user-agent":"PostmanRuntime/7.42.0","accept":"*/*","cache-control":"no-cache","postman-token":"5c4dffd5-029c-4302-9f64-94a37299112f","host":"localhost:3000","accept-encoding":"gzip, deflate, br","connection":"keep-alive","content-length":"65"}},"response":{"status":200,"message":"OK","header":{"content-type":"application/json; charset=utf-8"}},"app":{"subdomainOffset":2,"proxy":false,"env":"development"},"originalUrl":"/app-api/register","req":"<original node req>","res":"<original node res>","socket":"<original node socket>"} 
response time: 2 

[2024-10-11T15:52:10.884] [INFO] resLogger - ------------response start------------response status: 200 
response result: {"data":null,"message":"邮箱已存在","status":400} 
response all: {"request":{"method":"POST","url":"/app-api/register","header":{"content-type":"application/json","user-agent":"PostmanRuntime/7.42.0","accept":"*/*","cache-control":"no-cache","postman-token":"b3a5d346-212c-4c32-8c83-25bcf7151083","host":"localhost:3000","accept-encoding":"gzip, deflate, br","connection":"keep-alive","content-length":"65"}},"response":{"status":200,"message":"OK","header":{"content-type":"application/json; charset=utf-8"}},"app":{"subdomainOffset":2,"proxy":false,"env":"development"},"originalUrl":"/app-api/register","req":"<original node req>","res":"<original node res>","socket":"<original node socket>"} 
response time: 99 

[2024-10-11T15:52:51.451] [INFO] resLogger - ------------response start------------response status: 401 
response result: {"data":null,"message":"请登录后再进行操作","status":401} 
response all: {"request":{"method":"POST","url":"/admin-api/system/menu","header":{"content-type":"application/json","authorization":"Bearer eyJhbGciOiJIUzI1NiIsInR5cCI6IkpXVCJ9.eyJpZCI6MSwiZW1haWwiOiJsY2M3NzAxNjI4OTBAcXEuY29tIiwiaWF0IjoxNzI4NTcxOTk3LCJleHAiOjE3Mjg2MDc5OTd9.YqpbTnaLcmRl-6X4_zrmAfDNwcQEP2tzNieWTZEuMfc","user-agent":"PostmanRuntime/7.42.0","accept":"*/*","cache-control":"no-cache","postman-token":"891c1191-57a6-4c78-a956-8b215d4bfd60","host":"localhost:3000","accept-encoding":"gzip, deflate, br","connection":"keep-alive","content-length":"71"}},"response":{"status":401,"message":"Unauthorized","header":{"content-type":"application/json; charset=utf-8"}},"app":{"subdomainOffset":2,"proxy":false,"env":"development"},"originalUrl":"/admin-api/system/menu","req":"<original node req>","res":"<original node res>","socket":"<original node socket>"} 
response time: 16 

