[2024-10-27T23:02:27.943] [INFO] resLogger - ------------response start------------response status: 404 
response result: undefined 
response all: {"request":{"method":"GET","url":"/upload","header":{"authorization":"Bearer eyJhbGciOiJIUzI1NiIsInR5cCI6IkpXVCJ9.eyJpZCI6MSwiZW1haWwiOm51bGwsImlhdCI6MTczMDA0MTE4MiwiZXhwIjoxNzMwMDc3MTgyfQ.vQcM8cQFv6-VbVIvXFrm3B7lPGnsrLHwI76cWBJOomU","user-agent":"PostmanRuntime/7.42.0","accept":"*/*","cache-control":"no-cache","postman-token":"8aca2fae-99f9-4ced-bf7b-5d0288f8e31d","host":"localhost:3000","accept-encoding":"gzip, deflate, br","connection":"keep-alive","content-type":"multipart/form-data; boundary=--------------------------333465356037113581411652","content-length":"12229"}},"response":{"status":404,"message":"Not Found","header":{}},"app":{"subdomainOffset":2,"proxy":false,"env":"development"},"originalUrl":"/upload","req":"<original node req>","res":"<original node res>","socket":"<original node socket>"} 
response time: 7 

[2024-10-27T23:05:36.678] [INFO] resLogger - ------------response start------------response status: 404 
response result: undefined 
response all: {"request":{"method":"GET","url":"/upload","header":{"authorization":"Bearer eyJhbGciOiJIUzI1NiIsInR5cCI6IkpXVCJ9.eyJpZCI6MSwiZW1haWwiOm51bGwsImlhdCI6MTczMDA0MTE4MiwiZXhwIjoxNzMwMDc3MTgyfQ.vQcM8cQFv6-VbVIvXFrm3B7lPGnsrLHwI76cWBJOomU","user-agent":"PostmanRuntime/7.42.0","accept":"*/*","cache-control":"no-cache","postman-token":"b4732cb1-68af-4335-9054-4eb995dcb9e9","host":"localhost:3000","accept-encoding":"gzip, deflate, br","connection":"keep-alive","content-type":"multipart/form-data; boundary=--------------------------677006074086704113625324","content-length":"12229"}},"response":{"status":404,"message":"Not Found","header":{}},"app":{"subdomainOffset":2,"proxy":false,"env":"development"},"originalUrl":"/upload","req":"<original node req>","res":"<original node res>","socket":"<original node socket>"} 
response time: 6 

[2024-10-27T23:06:23.703] [INFO] resLogger - ------------response start------------response status: 404 
response result: undefined 
response all: {"request":{"method":"POST","url":"/upload","header":{"authorization":"Bearer eyJhbGciOiJIUzI1NiIsInR5cCI6IkpXVCJ9.eyJpZCI6MSwiZW1haWwiOm51bGwsImlhdCI6MTczMDA0MTE4MiwiZXhwIjoxNzMwMDc3MTgyfQ.vQcM8cQFv6-VbVIvXFrm3B7lPGnsrLHwI76cWBJOomU","user-agent":"PostmanRuntime/7.42.0","accept":"*/*","cache-control":"no-cache","postman-token":"1c052ad1-3d96-4524-a2c6-dc2ea800045d","host":"localhost:3000","accept-encoding":"gzip, deflate, br","connection":"keep-alive","content-type":"multipart/form-data; boundary=--------------------------429184206892042723208258","content-length":"12229"}},"response":{"status":404,"message":"Not Found","header":{}},"app":{"subdomainOffset":2,"proxy":false,"env":"development"},"originalUrl":"/upload","req":"<original node req>","res":"<original node res>","socket":"<original node socket>"} 
response time: 2 

[2024-10-27T23:06:27.940] [INFO] resLogger - ------------response start------------response status: 404 
response result: undefined 
response all: {"request":{"method":"POST","url":"/upload","header":{"authorization":"Bearer eyJhbGciOiJIUzI1NiIsInR5cCI6IkpXVCJ9.eyJpZCI6MSwiZW1haWwiOm51bGwsImlhdCI6MTczMDA0MTE4MiwiZXhwIjoxNzMwMDc3MTgyfQ.vQcM8cQFv6-VbVIvXFrm3B7lPGnsrLHwI76cWBJOomU","user-agent":"PostmanRuntime/7.42.0","accept":"*/*","cache-control":"no-cache","postman-token":"e9d8fdd7-c547-4f64-b1ce-4f99cad1c11d","host":"localhost:3000","accept-encoding":"gzip, deflate, br","connection":"keep-alive","content-type":"multipart/form-data; boundary=--------------------------805362437933146641758823","content-length":"12229"}},"response":{"status":404,"message":"Not Found","header":{}},"app":{"subdomainOffset":2,"proxy":false,"env":"development"},"originalUrl":"/upload","req":"<original node req>","res":"<original node res>","socket":"<original node socket>"} 
response time: 1 

[2024-10-27T23:06:57.482] [INFO] resLogger - ------------response start------------response status: 404 
response result: undefined 
response all: {"request":{"method":"POST","url":"/upload","header":{"authorization":"Bearer eyJhbGciOiJIUzI1NiIsInR5cCI6IkpXVCJ9.eyJpZCI6MSwiZW1haWwiOm51bGwsImlhdCI6MTczMDA0MTE4MiwiZXhwIjoxNzMwMDc3MTgyfQ.vQcM8cQFv6-VbVIvXFrm3B7lPGnsrLHwI76cWBJOomU","user-agent":"PostmanRuntime/7.42.0","accept":"*/*","cache-control":"no-cache","postman-token":"c684445b-ab93-4c85-9c14-2fa410e4f262","host":"localhost:3000","accept-encoding":"gzip, deflate, br","connection":"keep-alive","content-type":"multipart/form-data; boundary=--------------------------400697253977708658332583","content-length":"12229"}},"response":{"status":404,"message":"Not Found","header":{}},"app":{"subdomainOffset":2,"proxy":false,"env":"development"},"originalUrl":"/upload","req":"<original node req>","res":"<original node res>","socket":"<original node socket>"} 
response time: 7 

[2024-10-27T23:08:09.029] [INFO] resLogger - ------------response start------------response status: 200 
response result: "done" 
response all: {"request":{"method":"POST","url":"/upload","header":{"authorization":"Bearer eyJhbGciOiJIUzI1NiIsInR5cCI6IkpXVCJ9.eyJpZCI6MSwiZW1haWwiOm51bGwsImlhdCI6MTczMDA0MTE4MiwiZXhwIjoxNzMwMDc3MTgyfQ.vQcM8cQFv6-VbVIvXFrm3B7lPGnsrLHwI76cWBJOomU","user-agent":"PostmanRuntime/7.42.0","accept":"*/*","cache-control":"no-cache","postman-token":"087b6d77-cb6a-441e-beb5-659f26141ac3","host":"localhost:3000","accept-encoding":"gzip, deflate, br","connection":"keep-alive","content-type":"multipart/form-data; boundary=--------------------------288785190985937711747454","content-length":"12229"}},"response":{"status":200,"message":"OK","header":{"content-type":"text/plain; charset=utf-8","content-length":"4"}},"app":{"subdomainOffset":2,"proxy":false,"env":"development"},"originalUrl":"/upload","req":"<original node req>","res":"<original node res>","socket":"<original node socket>"} 
response time: 9 

[2024-10-27T23:10:59.285] [INFO] resLogger - ------------response start------------response status: 200 
response result: "done" 
response all: {"request":{"method":"POST","url":"/upload","header":{"authorization":"Bearer eyJhbGciOiJIUzI1NiIsInR5cCI6IkpXVCJ9.eyJpZCI6MSwiZW1haWwiOm51bGwsImlhdCI6MTczMDA0MTE4MiwiZXhwIjoxNzMwMDc3MTgyfQ.vQcM8cQFv6-VbVIvXFrm3B7lPGnsrLHwI76cWBJOomU","user-agent":"PostmanRuntime/7.42.0","accept":"*/*","cache-control":"no-cache","postman-token":"85b561d2-8a5e-40ae-beaf-40ee596caf39","host":"localhost:3000","accept-encoding":"gzip, deflate, br","connection":"keep-alive","content-type":"multipart/form-data; boundary=--------------------------318119232775624039031513","content-length":"12232"}},"response":{"status":200,"message":"OK","header":{"content-type":"text/plain; charset=utf-8","content-length":"4"}},"app":{"subdomainOffset":2,"proxy":false,"env":"development"},"originalUrl":"/upload","req":"<original node req>","res":"<original node res>","socket":"<original node socket>"} 
response time: 11 

[2024-10-27T23:11:47.007] [INFO] resLogger - ------------response start------------response status: 200 
response result: "done" 
response all: {"request":{"method":"POST","url":"/upload","header":{"authorization":"Bearer eyJhbGciOiJIUzI1NiIsInR5cCI6IkpXVCJ9.eyJpZCI6MSwiZW1haWwiOm51bGwsImlhdCI6MTczMDA0MTE4MiwiZXhwIjoxNzMwMDc3MTgyfQ.vQcM8cQFv6-VbVIvXFrm3B7lPGnsrLHwI76cWBJOomU","user-agent":"PostmanRuntime/7.42.0","accept":"*/*","cache-control":"no-cache","postman-token":"6028a0a4-dbab-44a8-a24f-145c93a6cf7a","host":"localhost:3000","accept-encoding":"gzip, deflate, br","connection":"keep-alive","content-type":"multipart/form-data; boundary=--------------------------865507351365133775654983","content-length":"12232"}},"response":{"status":200,"message":"OK","header":{"content-type":"text/plain; charset=utf-8","content-length":"4"}},"app":{"subdomainOffset":2,"proxy":false,"env":"development"},"originalUrl":"/upload","req":"<original node req>","res":"<original node res>","socket":"<original node socket>"} 
response time: 6 

[2024-10-27T23:13:18.118] [INFO] resLogger - ------------response start------------response status: 200 
response result: {"msg":"上传成功","code":200} 
response all: {"request":{"method":"POST","url":"/upload","header":{"authorization":"Bearer eyJhbGciOiJIUzI1NiIsInR5cCI6IkpXVCJ9.eyJpZCI6MSwiZW1haWwiOm51bGwsImlhdCI6MTczMDA0MTE4MiwiZXhwIjoxNzMwMDc3MTgyfQ.vQcM8cQFv6-VbVIvXFrm3B7lPGnsrLHwI76cWBJOomU","user-agent":"PostmanRuntime/7.42.0","accept":"*/*","cache-control":"no-cache","postman-token":"efe7b09f-cb31-44b5-9173-77ff427271e6","host":"localhost:3000","accept-encoding":"gzip, deflate, br","connection":"keep-alive","content-type":"multipart/form-data; boundary=--------------------------801301112057539541501784","content-length":"12232"}},"response":{"status":200,"message":"OK","header":{"content-type":"application/json; charset=utf-8"}},"app":{"subdomainOffset":2,"proxy":false,"env":"development"},"originalUrl":"/upload","req":"<original node req>","res":"<original node res>","socket":"<original node socket>"} 
response time: 18 

[2024-10-27T23:13:29.967] [INFO] resLogger - ------------response start------------response status: 200 
response result: {"msg":"上传成功","code":200} 
response all: {"request":{"method":"POST","url":"/upload","header":{"authorization":"Bearer eyJhbGciOiJIUzI1NiIsInR5cCI6IkpXVCJ9.eyJpZCI6MSwiZW1haWwiOm51bGwsImlhdCI6MTczMDA0MTE4MiwiZXhwIjoxNzMwMDc3MTgyfQ.vQcM8cQFv6-VbVIvXFrm3B7lPGnsrLHwI76cWBJOomU","user-agent":"PostmanRuntime/7.42.0","accept":"*/*","cache-control":"no-cache","postman-token":"51d5e0a2-b449-4485-8a49-e8101f4c3978","host":"localhost:3000","accept-encoding":"gzip, deflate, br","connection":"keep-alive","content-type":"multipart/form-data; boundary=--------------------------712140981509394250648991","content-length":"243518"}},"response":{"status":200,"message":"OK","header":{"content-type":"application/json; charset=utf-8"}},"app":{"subdomainOffset":2,"proxy":false,"env":"development"},"originalUrl":"/upload","req":"<original node req>","res":"<original node res>","socket":"<original node socket>"} 
response time: 10 

[2024-10-27T23:13:53.000] [INFO] resLogger - ------------response start------------response status: 200 
response result: {"msg":"上传成功","code":200} 
response all: {"request":{"method":"POST","url":"/upload","header":{"authorization":"Bearer eyJhbGciOiJIUzI1NiIsInR5cCI6IkpXVCJ9.eyJpZCI6MSwiZW1haWwiOm51bGwsImlhdCI6MTczMDA0MTE4MiwiZXhwIjoxNzMwMDc3MTgyfQ.vQcM8cQFv6-VbVIvXFrm3B7lPGnsrLHwI76cWBJOomU","user-agent":"PostmanRuntime/7.42.0","accept":"*/*","cache-control":"no-cache","postman-token":"965700f7-d26a-4a76-9c9c-4b80fce6764a","host":"localhost:3000","accept-encoding":"gzip, deflate, br","connection":"keep-alive","content-type":"multipart/form-data; boundary=--------------------------362095336063355585891716","content-length":"243518"}},"response":{"status":200,"message":"OK","header":{"content-type":"application/json; charset=utf-8"}},"app":{"subdomainOffset":2,"proxy":false,"env":"development"},"originalUrl":"/upload","req":"<original node req>","res":"<original node res>","socket":"<original node socket>"} 
response time: 10 

[2024-10-27T23:22:08.698] [INFO] resLogger - ------------response start------------response status: 200 
response result: {"msg":"上传成功","code":200} 
response all: {"request":{"method":"POST","url":"/upload","header":{"authorization":"Bearer eyJhbGciOiJIUzI1NiIsInR5cCI6IkpXVCJ9.eyJpZCI6MSwiZW1haWwiOm51bGwsImlhdCI6MTczMDA0MTE4MiwiZXhwIjoxNzMwMDc3MTgyfQ.vQcM8cQFv6-VbVIvXFrm3B7lPGnsrLHwI76cWBJOomU","user-agent":"PostmanRuntime/7.42.0","accept":"*/*","cache-control":"no-cache","postman-token":"668a615e-1bb3-4572-a6ac-d809b63c8283","host":"localhost:3000","accept-encoding":"gzip, deflate, br","connection":"keep-alive","content-type":"multipart/form-data; boundary=--------------------------234181906890924767496361","content-length":"243514"}},"response":{"status":200,"message":"OK","header":{"content-type":"application/json; charset=utf-8"}},"app":{"subdomainOffset":2,"proxy":false,"env":"development"},"originalUrl":"/upload","req":"<original node req>","res":"<original node res>","socket":"<original node socket>"} 
response time: 13 

[2024-10-27T23:24:06.825] [INFO] resLogger - ------------response start------------response status: 200 
response result: {"msg":"上传成功","code":200} 
response all: {"request":{"method":"POST","url":"/upload","header":{"authorization":"Bearer eyJhbGciOiJIUzI1NiIsInR5cCI6IkpXVCJ9.eyJpZCI6MSwiZW1haWwiOm51bGwsImlhdCI6MTczMDA0MTE4MiwiZXhwIjoxNzMwMDc3MTgyfQ.vQcM8cQFv6-VbVIvXFrm3B7lPGnsrLHwI76cWBJOomU","user-agent":"PostmanRuntime/7.42.0","accept":"*/*","cache-control":"no-cache","postman-token":"08e493d9-20de-4a95-b87c-681aae894fb5","host":"localhost:3000","accept-encoding":"gzip, deflate, br","connection":"keep-alive","content-type":"multipart/form-data; boundary=--------------------------160711655842369248351917","content-length":"243514"}},"response":{"status":200,"message":"OK","header":{"content-type":"application/json; charset=utf-8"}},"app":{"subdomainOffset":2,"proxy":false,"env":"development"},"originalUrl":"/upload","req":"<original node req>","res":"<original node res>","socket":"<original node socket>"} 
response time: 22 

[2024-10-27T23:24:20.471] [INFO] resLogger - ------------response start------------response status: 200 
response result: {"msg":"上传成功","code":200} 
response all: {"request":{"method":"POST","url":"/upload","header":{"authorization":"Bearer eyJhbGciOiJIUzI1NiIsInR5cCI6IkpXVCJ9.eyJpZCI6MSwiZW1haWwiOm51bGwsImlhdCI6MTczMDA0MTE4MiwiZXhwIjoxNzMwMDc3MTgyfQ.vQcM8cQFv6-VbVIvXFrm3B7lPGnsrLHwI76cWBJOomU","user-agent":"PostmanRuntime/7.42.0","accept":"*/*","cache-control":"no-cache","postman-token":"74f0cc4b-03cc-4cc2-a1dd-c3c75ccaa77f","host":"localhost:3000","accept-encoding":"gzip, deflate, br","connection":"keep-alive","content-type":"multipart/form-data; boundary=--------------------------550314589619089556308219","content-length":"244701"}},"response":{"status":200,"message":"OK","header":{"content-type":"application/json; charset=utf-8"}},"app":{"subdomainOffset":2,"proxy":false,"env":"development"},"originalUrl":"/upload","req":"<original node req>","res":"<original node res>","socket":"<original node socket>"} 
response time: 13 

[2024-10-27T23:34:33.860] [INFO] resLogger - ------------response start------------response status: 200 
response result: {"msg":"上传成功","code":200} 
response all: {"request":{"method":"POST","url":"/upload-simple","header":{"authorization":"Bearer eyJhbGciOiJIUzI1NiIsInR5cCI6IkpXVCJ9.eyJpZCI6MSwiZW1haWwiOm51bGwsImlhdCI6MTczMDA0MTE4MiwiZXhwIjoxNzMwMDc3MTgyfQ.vQcM8cQFv6-VbVIvXFrm3B7lPGnsrLHwI76cWBJOomU","user-agent":"PostmanRuntime/7.42.0","accept":"*/*","cache-control":"no-cache","postman-token":"d5e2781c-4eb4-4c78-92f6-a49fb2e31b7f","host":"localhost:3000","accept-encoding":"gzip, deflate, br","connection":"keep-alive","content-type":"multipart/form-data; boundary=--------------------------528197823082875125069427","content-length":"1243"}},"response":{"status":200,"message":"OK","header":{"content-type":"application/json; charset=utf-8"}},"app":{"subdomainOffset":2,"proxy":false,"env":"development"},"originalUrl":"/upload-simple","req":"<original node req>","res":"<original node res>","socket":"<original node socket>"} 
response time: 16 

[2024-10-27T23:35:12.300] [INFO] resLogger - ------------response start------------response status: 200 
response result: {"msg":"上传成功","code":200} 
response all: {"request":{"method":"POST","url":"/upload-simple","header":{"authorization":"Bearer eyJhbGciOiJIUzI1NiIsInR5cCI6IkpXVCJ9.eyJpZCI6MSwiZW1haWwiOm51bGwsImlhdCI6MTczMDA0MTE4MiwiZXhwIjoxNzMwMDc3MTgyfQ.vQcM8cQFv6-VbVIvXFrm3B7lPGnsrLHwI76cWBJOomU","user-agent":"PostmanRuntime/7.42.0","accept":"*/*","cache-control":"no-cache","postman-token":"08e1a3bc-fefd-47f5-b43d-f4dfc5286420","host":"localhost:3000","accept-encoding":"gzip, deflate, br","connection":"keep-alive","content-type":"multipart/form-data; boundary=--------------------------116651958411894936054261","content-length":"1243"}},"response":{"status":200,"message":"OK","header":{"content-type":"application/json; charset=utf-8"}},"app":{"subdomainOffset":2,"proxy":false,"env":"development"},"originalUrl":"/upload-simple","req":"<original node req>","res":"<original node res>","socket":"<original node socket>"} 
response time: 17 

[2024-10-27T23:51:48.568] [INFO] resLogger - ------------response start------------response status: 200 
response result: {"msg":"上传成功","code":200,"data":"1.txt"} 
response all: {"request":{"method":"POST","url":"/upload-simple","header":{"authorization":"Bearer eyJhbGciOiJIUzI1NiIsInR5cCI6IkpXVCJ9.eyJpZCI6MSwiZW1haWwiOm51bGwsImlhdCI6MTczMDA0MTE4MiwiZXhwIjoxNzMwMDc3MTgyfQ.vQcM8cQFv6-VbVIvXFrm3B7lPGnsrLHwI76cWBJOomU","user-agent":"PostmanRuntime/7.42.0","accept":"*/*","cache-control":"no-cache","postman-token":"6ac96c55-77d0-4ce6-b423-7fc1cc3436af","host":"localhost:3000","accept-encoding":"gzip, deflate, br","connection":"keep-alive","content-type":"multipart/form-data; boundary=--------------------------042136870669249793731055","content-length":"1018"}},"response":{"status":200,"message":"OK","header":{"content-type":"application/json; charset=utf-8"}},"app":{"subdomainOffset":2,"proxy":false,"env":"development"},"originalUrl":"/upload-simple","req":"<original node req>","res":"<original node res>","socket":"<original node socket>"} 
response time: 17 

[2024-10-27T23:54:00.490] [INFO] resLogger - ------------response start------------response status: 200 
response result: {"msg":"上传成功","code":200,"data":"1.txt"} 
response all: {"request":{"method":"POST","url":"/upload-simple","header":{"authorization":"Bearer eyJhbGciOiJIUzI1NiIsInR5cCI6IkpXVCJ9.eyJpZCI6MSwiZW1haWwiOm51bGwsImlhdCI6MTczMDA0MTE4MiwiZXhwIjoxNzMwMDc3MTgyfQ.vQcM8cQFv6-VbVIvXFrm3B7lPGnsrLHwI76cWBJOomU","user-agent":"PostmanRuntime/7.42.0","accept":"*/*","cache-control":"no-cache","postman-token":"7826659e-01ab-4917-9e19-2f4f1e650c09","host":"localhost:3000","accept-encoding":"gzip, deflate, br","connection":"keep-alive","content-type":"multipart/form-data; boundary=--------------------------036654456911262816985678","content-length":"1018"}},"response":{"status":200,"message":"OK","header":{"content-type":"application/json; charset=utf-8"}},"app":{"subdomainOffset":2,"proxy":false,"env":"development"},"originalUrl":"/upload-simple","req":"<original node req>","res":"<original node res>","socket":"<original node socket>"} 
response time: 16 

