[2024-10-27T23:02:27.937] [INFO] reqLogger - ------------request start------------request method: GET 
 request url: /upload 
request data: {} 
ctx all: {"request":{"method":"GET","url":"/upload","header":{"authorization":"Bearer eyJhbGciOiJIUzI1NiIsInR5cCI6IkpXVCJ9.eyJpZCI6MSwiZW1haWwiOm51bGwsImlhdCI6MTczMDA0MTE4MiwiZXhwIjoxNzMwMDc3MTgyfQ.vQcM8cQFv6-VbVIvXFrm3B7lPGnsrLHwI76cWBJOomU","user-agent":"PostmanRuntime/7.42.0","accept":"*/*","cache-control":"no-cache","postman-token":"8aca2fae-99f9-4ced-bf7b-5d0288f8e31d","host":"localhost:3000","accept-encoding":"gzip, deflate, br","connection":"keep-alive","content-type":"multipart/form-data; boundary=--------------------------333465356037113581411652","content-length":"12229"}},"response":{"status":404,"message":"Not Found","header":{}},"app":{"subdomainOffset":2,"proxy":false,"env":"development"},"originalUrl":"/upload","req":"<original node req>","res":"<original node res>","socket":"<original node socket>"}
[2024-10-27T23:05:36.672] [INFO] reqLogger - ------------request start------------request method: GET 
 request url: /upload 
request data: {} 
ctx all: {"request":{"method":"GET","url":"/upload","header":{"authorization":"Bearer eyJhbGciOiJIUzI1NiIsInR5cCI6IkpXVCJ9.eyJpZCI6MSwiZW1haWwiOm51bGwsImlhdCI6MTczMDA0MTE4MiwiZXhwIjoxNzMwMDc3MTgyfQ.vQcM8cQFv6-VbVIvXFrm3B7lPGnsrLHwI76cWBJOomU","user-agent":"PostmanRuntime/7.42.0","accept":"*/*","cache-control":"no-cache","postman-token":"b4732cb1-68af-4335-9054-4eb995dcb9e9","host":"localhost:3000","accept-encoding":"gzip, deflate, br","connection":"keep-alive","content-type":"multipart/form-data; boundary=--------------------------677006074086704113625324","content-length":"12229"}},"response":{"status":404,"message":"Not Found","header":{}},"app":{"subdomainOffset":2,"proxy":false,"env":"development"},"originalUrl":"/upload","req":"<original node req>","res":"<original node res>","socket":"<original node socket>"}
[2024-10-27T23:06:23.701] [INFO] reqLogger - ------------request start------------request method: POST 
 request url: /upload 
request data: {} 
ctx all: {"request":{"method":"POST","url":"/upload","header":{"authorization":"Bearer eyJhbGciOiJIUzI1NiIsInR5cCI6IkpXVCJ9.eyJpZCI6MSwiZW1haWwiOm51bGwsImlhdCI6MTczMDA0MTE4MiwiZXhwIjoxNzMwMDc3MTgyfQ.vQcM8cQFv6-VbVIvXFrm3B7lPGnsrLHwI76cWBJOomU","user-agent":"PostmanRuntime/7.42.0","accept":"*/*","cache-control":"no-cache","postman-token":"1c052ad1-3d96-4524-a2c6-dc2ea800045d","host":"localhost:3000","accept-encoding":"gzip, deflate, br","connection":"keep-alive","content-type":"multipart/form-data; boundary=--------------------------429184206892042723208258","content-length":"12229"}},"response":{"status":404,"message":"Not Found","header":{}},"app":{"subdomainOffset":2,"proxy":false,"env":"development"},"originalUrl":"/upload","req":"<original node req>","res":"<original node res>","socket":"<original node socket>"}
[2024-10-27T23:06:27.939] [INFO] reqLogger - ------------request start------------request method: POST 
 request url: /upload 
request data: {} 
ctx all: {"request":{"method":"POST","url":"/upload","header":{"authorization":"Bearer eyJhbGciOiJIUzI1NiIsInR5cCI6IkpXVCJ9.eyJpZCI6MSwiZW1haWwiOm51bGwsImlhdCI6MTczMDA0MTE4MiwiZXhwIjoxNzMwMDc3MTgyfQ.vQcM8cQFv6-VbVIvXFrm3B7lPGnsrLHwI76cWBJOomU","user-agent":"PostmanRuntime/7.42.0","accept":"*/*","cache-control":"no-cache","postman-token":"e9d8fdd7-c547-4f64-b1ce-4f99cad1c11d","host":"localhost:3000","accept-encoding":"gzip, deflate, br","connection":"keep-alive","content-type":"multipart/form-data; boundary=--------------------------805362437933146641758823","content-length":"12229"}},"response":{"status":404,"message":"Not Found","header":{}},"app":{"subdomainOffset":2,"proxy":false,"env":"development"},"originalUrl":"/upload","req":"<original node req>","res":"<original node res>","socket":"<original node socket>"}
[2024-10-27T23:06:57.476] [INFO] reqLogger - ------------request start------------request method: POST 
 request url: /upload 
request data: {} 
ctx all: {"request":{"method":"POST","url":"/upload","header":{"authorization":"Bearer eyJhbGciOiJIUzI1NiIsInR5cCI6IkpXVCJ9.eyJpZCI6MSwiZW1haWwiOm51bGwsImlhdCI6MTczMDA0MTE4MiwiZXhwIjoxNzMwMDc3MTgyfQ.vQcM8cQFv6-VbVIvXFrm3B7lPGnsrLHwI76cWBJOomU","user-agent":"PostmanRuntime/7.42.0","accept":"*/*","cache-control":"no-cache","postman-token":"c684445b-ab93-4c85-9c14-2fa410e4f262","host":"localhost:3000","accept-encoding":"gzip, deflate, br","connection":"keep-alive","content-type":"multipart/form-data; boundary=--------------------------400697253977708658332583","content-length":"12229"}},"response":{"status":404,"message":"Not Found","header":{}},"app":{"subdomainOffset":2,"proxy":false,"env":"development"},"originalUrl":"/upload","req":"<original node req>","res":"<original node res>","socket":"<original node socket>"}
[2024-10-27T23:08:09.021] [INFO] reqLogger - ------------request start------------request method: POST 
 request url: /upload 
request data: {} 
ctx all: {"request":{"method":"POST","url":"/upload","header":{"authorization":"Bearer eyJhbGciOiJIUzI1NiIsInR5cCI6IkpXVCJ9.eyJpZCI6MSwiZW1haWwiOm51bGwsImlhdCI6MTczMDA0MTE4MiwiZXhwIjoxNzMwMDc3MTgyfQ.vQcM8cQFv6-VbVIvXFrm3B7lPGnsrLHwI76cWBJOomU","user-agent":"PostmanRuntime/7.42.0","accept":"*/*","cache-control":"no-cache","postman-token":"087b6d77-cb6a-441e-beb5-659f26141ac3","host":"localhost:3000","accept-encoding":"gzip, deflate, br","connection":"keep-alive","content-type":"multipart/form-data; boundary=--------------------------288785190985937711747454","content-length":"12229"}},"response":{"status":404,"message":"Not Found","header":{}},"app":{"subdomainOffset":2,"proxy":false,"env":"development"},"originalUrl":"/upload","req":"<original node req>","res":"<original node res>","socket":"<original node socket>"}
[2024-10-27T23:10:13.979] [INFO] reqLogger - ------------request start------------request method: POST 
 request url: /upload 
request data: {} 
ctx all: {"request":{"method":"POST","url":"/upload","header":{"authorization":"Bearer eyJhbGciOiJIUzI1NiIsInR5cCI6IkpXVCJ9.eyJpZCI6MSwiZW1haWwiOm51bGwsImlhdCI6MTczMDA0MTE4MiwiZXhwIjoxNzMwMDc3MTgyfQ.vQcM8cQFv6-VbVIvXFrm3B7lPGnsrLHwI76cWBJOomU","user-agent":"PostmanRuntime/7.42.0","accept":"*/*","cache-control":"no-cache","postman-token":"baed4759-9506-45f2-96f7-8c40aecd660a","host":"localhost:3000","accept-encoding":"gzip, deflate, br","connection":"keep-alive","content-type":"multipart/form-data; boundary=--------------------------597098165524017149989339","content-length":"12229"}},"response":{"status":404,"message":"Not Found","header":{}},"app":{"subdomainOffset":2,"proxy":false,"env":"development"},"originalUrl":"/upload","req":"<original node req>","res":"<original node res>","socket":"<original node socket>"}
[2024-10-27T23:10:23.090] [INFO] reqLogger - ------------request start------------request method: POST 
 request url: /upload 
request data: {} 
ctx all: {"request":{"method":"POST","url":"/upload","header":{"authorization":"Bearer eyJhbGciOiJIUzI1NiIsInR5cCI6IkpXVCJ9.eyJpZCI6MSwiZW1haWwiOm51bGwsImlhdCI6MTczMDA0MTE4MiwiZXhwIjoxNzMwMDc3MTgyfQ.vQcM8cQFv6-VbVIvXFrm3B7lPGnsrLHwI76cWBJOomU","user-agent":"PostmanRuntime/7.42.0","accept":"*/*","cache-control":"no-cache","postman-token":"078bc1d1-98c0-42c2-ab8a-a7618276fe02","host":"localhost:3000","accept-encoding":"gzip, deflate, br","connection":"keep-alive","content-type":"multipart/form-data; boundary=--------------------------994539133068320859897427","content-length":"12229"}},"response":{"status":404,"message":"Not Found","header":{}},"app":{"subdomainOffset":2,"proxy":false,"env":"development"},"originalUrl":"/upload","req":"<original node req>","res":"<original node res>","socket":"<original node socket>"}
[2024-10-27T23:10:38.870] [INFO] reqLogger - ------------request start------------request method: POST 
 request url: /upload 
request data: {} 
ctx all: {"request":{"method":"POST","url":"/upload","header":{"authorization":"Bearer eyJhbGciOiJIUzI1NiIsInR5cCI6IkpXVCJ9.eyJpZCI6MSwiZW1haWwiOm51bGwsImlhdCI6MTczMDA0MTE4MiwiZXhwIjoxNzMwMDc3MTgyfQ.vQcM8cQFv6-VbVIvXFrm3B7lPGnsrLHwI76cWBJOomU","user-agent":"PostmanRuntime/7.42.0","accept":"*/*","cache-control":"no-cache","postman-token":"29d7d812-40e0-475a-b435-1d350318a41e","host":"localhost:3000","accept-encoding":"gzip, deflate, br","connection":"keep-alive","content-type":"multipart/form-data; boundary=--------------------------477208512668362964539112","content-length":"12229"}},"response":{"status":404,"message":"Not Found","header":{}},"app":{"subdomainOffset":2,"proxy":false,"env":"development"},"originalUrl":"/upload","req":"<original node req>","res":"<original node res>","socket":"<original node socket>"}
[2024-10-27T23:10:59.274] [INFO] reqLogger - ------------request start------------request method: POST 
 request url: /upload 
request data: {} 
ctx all: {"request":{"method":"POST","url":"/upload","header":{"authorization":"Bearer eyJhbGciOiJIUzI1NiIsInR5cCI6IkpXVCJ9.eyJpZCI6MSwiZW1haWwiOm51bGwsImlhdCI6MTczMDA0MTE4MiwiZXhwIjoxNzMwMDc3MTgyfQ.vQcM8cQFv6-VbVIvXFrm3B7lPGnsrLHwI76cWBJOomU","user-agent":"PostmanRuntime/7.42.0","accept":"*/*","cache-control":"no-cache","postman-token":"85b561d2-8a5e-40ae-beaf-40ee596caf39","host":"localhost:3000","accept-encoding":"gzip, deflate, br","connection":"keep-alive","content-type":"multipart/form-data; boundary=--------------------------318119232775624039031513","content-length":"12232"}},"response":{"status":404,"message":"Not Found","header":{}},"app":{"subdomainOffset":2,"proxy":false,"env":"development"},"originalUrl":"/upload","req":"<original node req>","res":"<original node res>","socket":"<original node socket>"}
[2024-10-27T23:11:15.478] [INFO] reqLogger - ------------request start------------request method: POST 
 request url: /upload 
request data: {} 
ctx all: {"request":{"method":"POST","url":"/upload","header":{"authorization":"Bearer eyJhbGciOiJIUzI1NiIsInR5cCI6IkpXVCJ9.eyJpZCI6MSwiZW1haWwiOm51bGwsImlhdCI6MTczMDA0MTE4MiwiZXhwIjoxNzMwMDc3MTgyfQ.vQcM8cQFv6-VbVIvXFrm3B7lPGnsrLHwI76cWBJOomU","user-agent":"PostmanRuntime/7.42.0","accept":"*/*","cache-control":"no-cache","postman-token":"0d919986-dde7-48b3-824e-7fc95f3b978c","host":"localhost:3000","accept-encoding":"gzip, deflate, br","connection":"keep-alive","content-type":"multipart/form-data; boundary=--------------------------788449252955890415828071","content-length":"243516"}},"response":{"status":404,"message":"Not Found","header":{}},"app":{"subdomainOffset":2,"proxy":false,"env":"development"},"originalUrl":"/upload","req":"<original node req>","res":"<original node res>","socket":"<original node socket>"}
[2024-10-27T23:11:39.674] [INFO] reqLogger - ------------request start------------request method: POST 
 request url: /upload 
request data: {} 
ctx all: {"request":{"method":"POST","url":"/upload","header":{"authorization":"Bearer eyJhbGciOiJIUzI1NiIsInR5cCI6IkpXVCJ9.eyJpZCI6MSwiZW1haWwiOm51bGwsImlhdCI6MTczMDA0MTE4MiwiZXhwIjoxNzMwMDc3MTgyfQ.vQcM8cQFv6-VbVIvXFrm3B7lPGnsrLHwI76cWBJOomU","user-agent":"PostmanRuntime/7.42.0","accept":"*/*","cache-control":"no-cache","postman-token":"acbe3715-a3c5-48aa-9361-0c589ccf6e4c","host":"localhost:3000","accept-encoding":"gzip, deflate, br","connection":"keep-alive","content-type":"multipart/form-data; boundary=--------------------------029978717112591006054336","content-length":"243516"}},"response":{"status":404,"message":"Not Found","header":{}},"app":{"subdomainOffset":2,"proxy":false,"env":"development"},"originalUrl":"/upload","req":"<original node req>","res":"<original node res>","socket":"<original node socket>"}
[2024-10-27T23:11:47.001] [INFO] reqLogger - ------------request start------------request method: POST 
 request url: /upload 
request data: {} 
ctx all: {"request":{"method":"POST","url":"/upload","header":{"authorization":"Bearer eyJhbGciOiJIUzI1NiIsInR5cCI6IkpXVCJ9.eyJpZCI6MSwiZW1haWwiOm51bGwsImlhdCI6MTczMDA0MTE4MiwiZXhwIjoxNzMwMDc3MTgyfQ.vQcM8cQFv6-VbVIvXFrm3B7lPGnsrLHwI76cWBJOomU","user-agent":"PostmanRuntime/7.42.0","accept":"*/*","cache-control":"no-cache","postman-token":"6028a0a4-dbab-44a8-a24f-145c93a6cf7a","host":"localhost:3000","accept-encoding":"gzip, deflate, br","connection":"keep-alive","content-type":"multipart/form-data; boundary=--------------------------865507351365133775654983","content-length":"12232"}},"response":{"status":404,"message":"Not Found","header":{}},"app":{"subdomainOffset":2,"proxy":false,"env":"development"},"originalUrl":"/upload","req":"<original node req>","res":"<original node res>","socket":"<original node socket>"}
[2024-10-27T23:13:18.101] [INFO] reqLogger - ------------request start------------request method: POST 
 request url: /upload 
request data: {} 
ctx all: {"request":{"method":"POST","url":"/upload","header":{"authorization":"Bearer eyJhbGciOiJIUzI1NiIsInR5cCI6IkpXVCJ9.eyJpZCI6MSwiZW1haWwiOm51bGwsImlhdCI6MTczMDA0MTE4MiwiZXhwIjoxNzMwMDc3MTgyfQ.vQcM8cQFv6-VbVIvXFrm3B7lPGnsrLHwI76cWBJOomU","user-agent":"PostmanRuntime/7.42.0","accept":"*/*","cache-control":"no-cache","postman-token":"efe7b09f-cb31-44b5-9173-77ff427271e6","host":"localhost:3000","accept-encoding":"gzip, deflate, br","connection":"keep-alive","content-type":"multipart/form-data; boundary=--------------------------801301112057539541501784","content-length":"12232"}},"response":{"status":404,"message":"Not Found","header":{}},"app":{"subdomainOffset":2,"proxy":false,"env":"development"},"originalUrl":"/upload","req":"<original node req>","res":"<original node res>","socket":"<original node socket>"}
[2024-10-27T23:13:29.957] [INFO] reqLogger - ------------request start------------request method: POST 
 request url: /upload 
request data: {} 
ctx all: {"request":{"method":"POST","url":"/upload","header":{"authorization":"Bearer eyJhbGciOiJIUzI1NiIsInR5cCI6IkpXVCJ9.eyJpZCI6MSwiZW1haWwiOm51bGwsImlhdCI6MTczMDA0MTE4MiwiZXhwIjoxNzMwMDc3MTgyfQ.vQcM8cQFv6-VbVIvXFrm3B7lPGnsrLHwI76cWBJOomU","user-agent":"PostmanRuntime/7.42.0","accept":"*/*","cache-control":"no-cache","postman-token":"51d5e0a2-b449-4485-8a49-e8101f4c3978","host":"localhost:3000","accept-encoding":"gzip, deflate, br","connection":"keep-alive","content-type":"multipart/form-data; boundary=--------------------------712140981509394250648991","content-length":"243518"}},"response":{"status":404,"message":"Not Found","header":{}},"app":{"subdomainOffset":2,"proxy":false,"env":"development"},"originalUrl":"/upload","req":"<original node req>","res":"<original node res>","socket":"<original node socket>"}
[2024-10-27T23:13:52.990] [INFO] reqLogger - ------------request start------------request method: POST 
 request url: /upload 
request data: {} 
ctx all: {"request":{"method":"POST","url":"/upload","header":{"authorization":"Bearer eyJhbGciOiJIUzI1NiIsInR5cCI6IkpXVCJ9.eyJpZCI6MSwiZW1haWwiOm51bGwsImlhdCI6MTczMDA0MTE4MiwiZXhwIjoxNzMwMDc3MTgyfQ.vQcM8cQFv6-VbVIvXFrm3B7lPGnsrLHwI76cWBJOomU","user-agent":"PostmanRuntime/7.42.0","accept":"*/*","cache-control":"no-cache","postman-token":"965700f7-d26a-4a76-9c9c-4b80fce6764a","host":"localhost:3000","accept-encoding":"gzip, deflate, br","connection":"keep-alive","content-type":"multipart/form-data; boundary=--------------------------362095336063355585891716","content-length":"243518"}},"response":{"status":404,"message":"Not Found","header":{}},"app":{"subdomainOffset":2,"proxy":false,"env":"development"},"originalUrl":"/upload","req":"<original node req>","res":"<original node res>","socket":"<original node socket>"}
[2024-10-27T23:21:43.937] [INFO] reqLogger - ------------request start------------request method: POST 
 request url: /upload 
request data: {} 
ctx all: {"request":{"method":"POST","url":"/upload","header":{"authorization":"Bearer eyJhbGciOiJIUzI1NiIsInR5cCI6IkpXVCJ9.eyJpZCI6MSwiZW1haWwiOm51bGwsImlhdCI6MTczMDA0MTE4MiwiZXhwIjoxNzMwMDc3MTgyfQ.vQcM8cQFv6-VbVIvXFrm3B7lPGnsrLHwI76cWBJOomU","user-agent":"PostmanRuntime/7.42.0","accept":"*/*","cache-control":"no-cache","postman-token":"ba8afe40-5971-41ec-a21a-0d95eed652ad","host":"localhost:3000","accept-encoding":"gzip, deflate, br","connection":"keep-alive","content-type":"multipart/form-data; boundary=--------------------------247052098227482025393295","content-length":"243518"}},"response":{"status":404,"message":"Not Found","header":{}},"app":{"subdomainOffset":2,"proxy":false,"env":"development"},"originalUrl":"/upload","req":"<original node req>","res":"<original node res>","socket":"<original node socket>"}
[2024-10-27T23:22:08.685] [INFO] reqLogger - ------------request start------------request method: POST 
 request url: /upload 
request data: {} 
ctx all: {"request":{"method":"POST","url":"/upload","header":{"authorization":"Bearer eyJhbGciOiJIUzI1NiIsInR5cCI6IkpXVCJ9.eyJpZCI6MSwiZW1haWwiOm51bGwsImlhdCI6MTczMDA0MTE4MiwiZXhwIjoxNzMwMDc3MTgyfQ.vQcM8cQFv6-VbVIvXFrm3B7lPGnsrLHwI76cWBJOomU","user-agent":"PostmanRuntime/7.42.0","accept":"*/*","cache-control":"no-cache","postman-token":"668a615e-1bb3-4572-a6ac-d809b63c8283","host":"localhost:3000","accept-encoding":"gzip, deflate, br","connection":"keep-alive","content-type":"multipart/form-data; boundary=--------------------------234181906890924767496361","content-length":"243514"}},"response":{"status":404,"message":"Not Found","header":{}},"app":{"subdomainOffset":2,"proxy":false,"env":"development"},"originalUrl":"/upload","req":"<original node req>","res":"<original node res>","socket":"<original node socket>"}
[2024-10-27T23:24:06.803] [INFO] reqLogger - ------------request start------------request method: POST 
 request url: /upload 
request data: {} 
ctx all: {"request":{"method":"POST","url":"/upload","header":{"authorization":"Bearer eyJhbGciOiJIUzI1NiIsInR5cCI6IkpXVCJ9.eyJpZCI6MSwiZW1haWwiOm51bGwsImlhdCI6MTczMDA0MTE4MiwiZXhwIjoxNzMwMDc3MTgyfQ.vQcM8cQFv6-VbVIvXFrm3B7lPGnsrLHwI76cWBJOomU","user-agent":"PostmanRuntime/7.42.0","accept":"*/*","cache-control":"no-cache","postman-token":"08e493d9-20de-4a95-b87c-681aae894fb5","host":"localhost:3000","accept-encoding":"gzip, deflate, br","connection":"keep-alive","content-type":"multipart/form-data; boundary=--------------------------160711655842369248351917","content-length":"243514"}},"response":{"status":404,"message":"Not Found","header":{}},"app":{"subdomainOffset":2,"proxy":false,"env":"development"},"originalUrl":"/upload","req":"<original node req>","res":"<original node res>","socket":"<original node socket>"}
[2024-10-27T23:24:20.459] [INFO] reqLogger - ------------request start------------request method: POST 
 request url: /upload 
request data: {} 
ctx all: {"request":{"method":"POST","url":"/upload","header":{"authorization":"Bearer eyJhbGciOiJIUzI1NiIsInR5cCI6IkpXVCJ9.eyJpZCI6MSwiZW1haWwiOm51bGwsImlhdCI6MTczMDA0MTE4MiwiZXhwIjoxNzMwMDc3MTgyfQ.vQcM8cQFv6-VbVIvXFrm3B7lPGnsrLHwI76cWBJOomU","user-agent":"PostmanRuntime/7.42.0","accept":"*/*","cache-control":"no-cache","postman-token":"74f0cc4b-03cc-4cc2-a1dd-c3c75ccaa77f","host":"localhost:3000","accept-encoding":"gzip, deflate, br","connection":"keep-alive","content-type":"multipart/form-data; boundary=--------------------------550314589619089556308219","content-length":"244701"}},"response":{"status":404,"message":"Not Found","header":{}},"app":{"subdomainOffset":2,"proxy":false,"env":"development"},"originalUrl":"/upload","req":"<original node req>","res":"<original node res>","socket":"<original node socket>"}
[2024-10-27T23:34:33.845] [INFO] reqLogger - ------------request start------------request method: POST 
 request url: /upload-simple 
request data: {} 
ctx all: {"request":{"method":"POST","url":"/upload-simple","header":{"authorization":"Bearer eyJhbGciOiJIUzI1NiIsInR5cCI6IkpXVCJ9.eyJpZCI6MSwiZW1haWwiOm51bGwsImlhdCI6MTczMDA0MTE4MiwiZXhwIjoxNzMwMDc3MTgyfQ.vQcM8cQFv6-VbVIvXFrm3B7lPGnsrLHwI76cWBJOomU","user-agent":"PostmanRuntime/7.42.0","accept":"*/*","cache-control":"no-cache","postman-token":"d5e2781c-4eb4-4c78-92f6-a49fb2e31b7f","host":"localhost:3000","accept-encoding":"gzip, deflate, br","connection":"keep-alive","content-type":"multipart/form-data; boundary=--------------------------528197823082875125069427","content-length":"1243"}},"response":{"status":404,"message":"Not Found","header":{}},"app":{"subdomainOffset":2,"proxy":false,"env":"development"},"originalUrl":"/upload-simple","req":"<original node req>","res":"<original node res>","socket":"<original node socket>"}
[2024-10-27T23:35:12.283] [INFO] reqLogger - ------------request start------------request method: POST 
 request url: /upload-simple 
request data: {} 
ctx all: {"request":{"method":"POST","url":"/upload-simple","header":{"authorization":"Bearer eyJhbGciOiJIUzI1NiIsInR5cCI6IkpXVCJ9.eyJpZCI6MSwiZW1haWwiOm51bGwsImlhdCI6MTczMDA0MTE4MiwiZXhwIjoxNzMwMDc3MTgyfQ.vQcM8cQFv6-VbVIvXFrm3B7lPGnsrLHwI76cWBJOomU","user-agent":"PostmanRuntime/7.42.0","accept":"*/*","cache-control":"no-cache","postman-token":"08e1a3bc-fefd-47f5-b43d-f4dfc5286420","host":"localhost:3000","accept-encoding":"gzip, deflate, br","connection":"keep-alive","content-type":"multipart/form-data; boundary=--------------------------116651958411894936054261","content-length":"1243"}},"response":{"status":404,"message":"Not Found","header":{}},"app":{"subdomainOffset":2,"proxy":false,"env":"development"},"originalUrl":"/upload-simple","req":"<original node req>","res":"<original node res>","socket":"<original node socket>"}
[2024-10-27T23:36:02.843] [INFO] reqLogger - ------------request start------------request method: POST 
 request url: /upload-simple 
request data: {} 
ctx all: {"request":{"method":"POST","url":"/upload-simple","header":{"authorization":"Bearer eyJhbGciOiJIUzI1NiIsInR5cCI6IkpXVCJ9.eyJpZCI6MSwiZW1haWwiOm51bGwsImlhdCI6MTczMDA0MTE4MiwiZXhwIjoxNzMwMDc3MTgyfQ.vQcM8cQFv6-VbVIvXFrm3B7lPGnsrLHwI76cWBJOomU","user-agent":"PostmanRuntime/7.42.0","accept":"*/*","cache-control":"no-cache","postman-token":"4c29f07f-c3e8-4825-99cf-3b98d530693a","host":"localhost:3000","accept-encoding":"gzip, deflate, br","connection":"keep-alive","content-type":"multipart/form-data; boundary=--------------------------358192075156089823420929","content-length":"1243"}},"response":{"status":404,"message":"Not Found","header":{}},"app":{"subdomainOffset":2,"proxy":false,"env":"development"},"originalUrl":"/upload-simple","req":"<original node req>","res":"<original node res>","socket":"<original node socket>"}
[2024-10-27T23:36:45.371] [INFO] reqLogger - ------------request start------------request method: POST 
 request url: /upload-simple 
request data: {} 
ctx all: {"request":{"method":"POST","url":"/upload-simple","header":{"authorization":"Bearer eyJhbGciOiJIUzI1NiIsInR5cCI6IkpXVCJ9.eyJpZCI6MSwiZW1haWwiOm51bGwsImlhdCI6MTczMDA0MTE4MiwiZXhwIjoxNzMwMDc3MTgyfQ.vQcM8cQFv6-VbVIvXFrm3B7lPGnsrLHwI76cWBJOomU","user-agent":"PostmanRuntime/7.42.0","accept":"*/*","cache-control":"no-cache","postman-token":"f10d85f2-6683-4b0c-9074-55810830846b","host":"localhost:3000","accept-encoding":"gzip, deflate, br","connection":"keep-alive","content-type":"multipart/form-data; boundary=--------------------------005498957933251996013077","content-length":"1243"}},"response":{"status":404,"message":"Not Found","header":{}},"app":{"subdomainOffset":2,"proxy":false,"env":"development"},"originalUrl":"/upload-simple","req":"<original node req>","res":"<original node res>","socket":"<original node socket>"}
[2024-10-27T23:36:49.535] [INFO] reqLogger - ------------request start------------request method: POST 
 request url: /upload-simple 
request data: {} 
ctx all: {"request":{"method":"POST","url":"/upload-simple","header":{"authorization":"Bearer eyJhbGciOiJIUzI1NiIsInR5cCI6IkpXVCJ9.eyJpZCI6MSwiZW1haWwiOm51bGwsImlhdCI6MTczMDA0MTE4MiwiZXhwIjoxNzMwMDc3MTgyfQ.vQcM8cQFv6-VbVIvXFrm3B7lPGnsrLHwI76cWBJOomU","user-agent":"PostmanRuntime/7.42.0","accept":"*/*","cache-control":"no-cache","postman-token":"e22da458-71f8-42c5-ae20-4c656f84f77a","host":"localhost:3000","accept-encoding":"gzip, deflate, br","connection":"keep-alive","content-type":"multipart/form-data; boundary=--------------------------982115722064512799477169","content-length":"1243"}},"response":{"status":404,"message":"Not Found","header":{}},"app":{"subdomainOffset":2,"proxy":false,"env":"development"},"originalUrl":"/upload-simple","req":"<original node req>","res":"<original node res>","socket":"<original node socket>"}
[2024-10-27T23:36:50.672] [INFO] reqLogger - ------------request start------------request method: POST 
 request url: /upload-simple 
request data: {} 
ctx all: {"request":{"method":"POST","url":"/upload-simple","header":{"authorization":"Bearer eyJhbGciOiJIUzI1NiIsInR5cCI6IkpXVCJ9.eyJpZCI6MSwiZW1haWwiOm51bGwsImlhdCI6MTczMDA0MTE4MiwiZXhwIjoxNzMwMDc3MTgyfQ.vQcM8cQFv6-VbVIvXFrm3B7lPGnsrLHwI76cWBJOomU","user-agent":"PostmanRuntime/7.42.0","accept":"*/*","cache-control":"no-cache","postman-token":"311db48b-1deb-4ef5-a7b3-7894fec6df04","host":"localhost:3000","accept-encoding":"gzip, deflate, br","connection":"keep-alive","content-type":"multipart/form-data; boundary=--------------------------447411294027841620572635","content-length":"1243"}},"response":{"status":404,"message":"Not Found","header":{}},"app":{"subdomainOffset":2,"proxy":false,"env":"development"},"originalUrl":"/upload-simple","req":"<original node req>","res":"<original node res>","socket":"<original node socket>"}
[2024-10-27T23:37:22.716] [INFO] reqLogger - ------------request start------------request method: POST 
 request url: /upload-simple 
request data: {} 
ctx all: {"request":{"method":"POST","url":"/upload-simple","header":{"authorization":"Bearer eyJhbGciOiJIUzI1NiIsInR5cCI6IkpXVCJ9.eyJpZCI6MSwiZW1haWwiOm51bGwsImlhdCI6MTczMDA0MTE4MiwiZXhwIjoxNzMwMDc3MTgyfQ.vQcM8cQFv6-VbVIvXFrm3B7lPGnsrLHwI76cWBJOomU","user-agent":"PostmanRuntime/7.42.0","accept":"*/*","cache-control":"no-cache","postman-token":"ad658f4f-e724-42ed-8e3f-3ef1edfec74e","host":"localhost:3000","accept-encoding":"gzip, deflate, br","connection":"keep-alive","content-type":"multipart/form-data; boundary=--------------------------623460847285310501240213","content-length":"1243"}},"response":{"status":404,"message":"Not Found","header":{}},"app":{"subdomainOffset":2,"proxy":false,"env":"development"},"originalUrl":"/upload-simple","req":"<original node req>","res":"<original node res>","socket":"<original node socket>"}
[2024-10-27T23:38:40.887] [INFO] reqLogger - ------------request start------------request method: POST 
 request url: /upload-simple 
request data: {} 
ctx all: {"request":{"method":"POST","url":"/upload-simple","header":{"authorization":"Bearer eyJhbGciOiJIUzI1NiIsInR5cCI6IkpXVCJ9.eyJpZCI6MSwiZW1haWwiOm51bGwsImlhdCI6MTczMDA0MTE4MiwiZXhwIjoxNzMwMDc3MTgyfQ.vQcM8cQFv6-VbVIvXFrm3B7lPGnsrLHwI76cWBJOomU","user-agent":"PostmanRuntime/7.42.0","accept":"*/*","cache-control":"no-cache","postman-token":"0d6bb214-8644-4885-afbc-2954947bc4d5","host":"localhost:3000","accept-encoding":"gzip, deflate, br","connection":"keep-alive","content-type":"multipart/form-data; boundary=--------------------------184561801429775272293093","content-length":"1243"}},"response":{"status":404,"message":"Not Found","header":{}},"app":{"subdomainOffset":2,"proxy":false,"env":"development"},"originalUrl":"/upload-simple","req":"<original node req>","res":"<original node res>","socket":"<original node socket>"}
[2024-10-27T23:40:15.574] [INFO] reqLogger - ------------request start------------request method: POST 
 request url: /upload-simple 
request data: {} 
ctx all: {"request":{"method":"POST","url":"/upload-simple","header":{"authorization":"Bearer eyJhbGciOiJIUzI1NiIsInR5cCI6IkpXVCJ9.eyJpZCI6MSwiZW1haWwiOm51bGwsImlhdCI6MTczMDA0MTE4MiwiZXhwIjoxNzMwMDc3MTgyfQ.vQcM8cQFv6-VbVIvXFrm3B7lPGnsrLHwI76cWBJOomU","user-agent":"PostmanRuntime/7.42.0","accept":"*/*","cache-control":"no-cache","postman-token":"e48ccc71-5ccb-4deb-b949-344ee14c8d14","host":"localhost:3000","accept-encoding":"gzip, deflate, br","connection":"keep-alive","content-type":"multipart/form-data; boundary=--------------------------539633415334120162793242","content-length":"1243"}},"response":{"status":404,"message":"Not Found","header":{}},"app":{"subdomainOffset":2,"proxy":false,"env":"development"},"originalUrl":"/upload-simple","req":"<original node req>","res":"<original node res>","socket":"<original node socket>"}
[2024-10-27T23:40:49.858] [INFO] reqLogger - ------------request start------------request method: POST 
 request url: /upload-simple 
request data: {} 
ctx all: {"request":{"method":"POST","url":"/upload-simple","header":{"authorization":"Bearer eyJhbGciOiJIUzI1NiIsInR5cCI6IkpXVCJ9.eyJpZCI6MSwiZW1haWwiOm51bGwsImlhdCI6MTczMDA0MTE4MiwiZXhwIjoxNzMwMDc3MTgyfQ.vQcM8cQFv6-VbVIvXFrm3B7lPGnsrLHwI76cWBJOomU","user-agent":"PostmanRuntime/7.42.0","accept":"*/*","cache-control":"no-cache","postman-token":"0acc6ece-5b45-4a89-b4d4-feca7f4e7b75","host":"localhost:3000","accept-encoding":"gzip, deflate, br","connection":"keep-alive","content-type":"multipart/form-data; boundary=--------------------------482847734760304260168449","content-length":"1243"}},"response":{"status":404,"message":"Not Found","header":{}},"app":{"subdomainOffset":2,"proxy":false,"env":"development"},"originalUrl":"/upload-simple","req":"<original node req>","res":"<original node res>","socket":"<original node socket>"}
[2024-10-27T23:41:05.536] [INFO] reqLogger - ------------request start------------request method: POST 
 request url: /upload-simple 
request data: {} 
ctx all: {"request":{"method":"POST","url":"/upload-simple","header":{"authorization":"Bearer eyJhbGciOiJIUzI1NiIsInR5cCI6IkpXVCJ9.eyJpZCI6MSwiZW1haWwiOm51bGwsImlhdCI6MTczMDA0MTE4MiwiZXhwIjoxNzMwMDc3MTgyfQ.vQcM8cQFv6-VbVIvXFrm3B7lPGnsrLHwI76cWBJOomU","user-agent":"PostmanRuntime/7.42.0","accept":"*/*","cache-control":"no-cache","postman-token":"b0c47fc5-415f-4777-a3bc-54114d24c21d","host":"localhost:3000","accept-encoding":"gzip, deflate, br","connection":"keep-alive","content-type":"multipart/form-data; boundary=--------------------------180311143572915098290092","content-length":"231339"}},"response":{"status":404,"message":"Not Found","header":{}},"app":{"subdomainOffset":2,"proxy":false,"env":"development"},"originalUrl":"/upload-simple","req":"<original node req>","res":"<original node res>","socket":"<original node socket>"}
[2024-10-27T23:41:28.207] [INFO] reqLogger - ------------request start------------request method: POST 
 request url: /upload-simple 
request data: {} 
ctx all: {"request":{"method":"POST","url":"/upload-simple","header":{"authorization":"Bearer eyJhbGciOiJIUzI1NiIsInR5cCI6IkpXVCJ9.eyJpZCI6MSwiZW1haWwiOm51bGwsImlhdCI6MTczMDA0MTE4MiwiZXhwIjoxNzMwMDc3MTgyfQ.vQcM8cQFv6-VbVIvXFrm3B7lPGnsrLHwI76cWBJOomU","user-agent":"PostmanRuntime/7.42.0","accept":"*/*","cache-control":"no-cache","postman-token":"66f68f12-8ae6-4bd7-a17a-aaa3f7e95ad1","host":"localhost:3000","accept-encoding":"gzip, deflate, br","connection":"keep-alive","content-type":"multipart/form-data; boundary=--------------------------183214591569586349057216","content-length":"1243"}},"response":{"status":404,"message":"Not Found","header":{}},"app":{"subdomainOffset":2,"proxy":false,"env":"development"},"originalUrl":"/upload-simple","req":"<original node req>","res":"<original node res>","socket":"<original node socket>"}
[2024-10-27T23:42:24.368] [INFO] reqLogger - ------------request start------------request method: POST 
 request url: /upload-simple 
request data: {} 
ctx all: {"request":{"method":"POST","url":"/upload-simple","header":{"authorization":"Bearer eyJhbGciOiJIUzI1NiIsInR5cCI6IkpXVCJ9.eyJpZCI6MSwiZW1haWwiOm51bGwsImlhdCI6MTczMDA0MTE4MiwiZXhwIjoxNzMwMDc3MTgyfQ.vQcM8cQFv6-VbVIvXFrm3B7lPGnsrLHwI76cWBJOomU","user-agent":"PostmanRuntime/7.42.0","accept":"*/*","cache-control":"no-cache","postman-token":"b6781015-e3e6-42c7-89e0-d6d25161cd0a","host":"localhost:3000","accept-encoding":"gzip, deflate, br","connection":"keep-alive","content-type":"multipart/form-data; boundary=--------------------------912004872750531212102872","content-length":"1243"}},"response":{"status":404,"message":"Not Found","header":{}},"app":{"subdomainOffset":2,"proxy":false,"env":"development"},"originalUrl":"/upload-simple","req":"<original node req>","res":"<original node res>","socket":"<original node socket>"}
[2024-10-27T23:43:59.788] [INFO] reqLogger - ------------request start------------request method: POST 
 request url: /upload-simple 
request data: {} 
ctx all: {"request":{"method":"POST","url":"/upload-simple","header":{"authorization":"Bearer eyJhbGciOiJIUzI1NiIsInR5cCI6IkpXVCJ9.eyJpZCI6MSwiZW1haWwiOm51bGwsImlhdCI6MTczMDA0MTE4MiwiZXhwIjoxNzMwMDc3MTgyfQ.vQcM8cQFv6-VbVIvXFrm3B7lPGnsrLHwI76cWBJOomU","user-agent":"PostmanRuntime/7.42.0","accept":"*/*","cache-control":"no-cache","postman-token":"3a3b31b6-4350-4855-bb11-2072e0bd4407","host":"localhost:3000","accept-encoding":"gzip, deflate, br","connection":"keep-alive","content-type":"multipart/form-data; boundary=--------------------------067496422667543965871771","content-length":"13417"}},"response":{"status":404,"message":"Not Found","header":{}},"app":{"subdomainOffset":2,"proxy":false,"env":"development"},"originalUrl":"/upload-simple","req":"<original node req>","res":"<original node res>","socket":"<original node socket>"}
[2024-10-27T23:44:02.690] [INFO] reqLogger - ------------request start------------request method: POST 
 request url: /upload-simple 
request data: {} 
ctx all: {"request":{"method":"POST","url":"/upload-simple","header":{"authorization":"Bearer eyJhbGciOiJIUzI1NiIsInR5cCI6IkpXVCJ9.eyJpZCI6MSwiZW1haWwiOm51bGwsImlhdCI6MTczMDA0MTE4MiwiZXhwIjoxNzMwMDc3MTgyfQ.vQcM8cQFv6-VbVIvXFrm3B7lPGnsrLHwI76cWBJOomU","user-agent":"PostmanRuntime/7.42.0","accept":"*/*","cache-control":"no-cache","postman-token":"53db2718-0da0-4d2e-b06b-3e96f3b3c5ef","host":"localhost:3000","accept-encoding":"gzip, deflate, br","connection":"keep-alive","content-type":"multipart/form-data; boundary=--------------------------336571777717771727595391","content-length":"13417"}},"response":{"status":404,"message":"Not Found","header":{}},"app":{"subdomainOffset":2,"proxy":false,"env":"development"},"originalUrl":"/upload-simple","req":"<original node req>","res":"<original node res>","socket":"<original node socket>"}
[2024-10-27T23:44:11.907] [INFO] reqLogger - ------------request start------------request method: POST 
 request url: /upload-simple 
request data: {} 
ctx all: {"request":{"method":"POST","url":"/upload-simple","header":{"authorization":"Bearer eyJhbGciOiJIUzI1NiIsInR5cCI6IkpXVCJ9.eyJpZCI6MSwiZW1haWwiOm51bGwsImlhdCI6MTczMDA0MTE4MiwiZXhwIjoxNzMwMDc3MTgyfQ.vQcM8cQFv6-VbVIvXFrm3B7lPGnsrLHwI76cWBJOomU","user-agent":"PostmanRuntime/7.42.0","accept":"*/*","cache-control":"no-cache","postman-token":"3ddd3630-a98f-4c75-bd71-0519c736888b","host":"localhost:3000","accept-encoding":"gzip, deflate, br","connection":"keep-alive","content-type":"multipart/form-data; boundary=--------------------------658683294656157417457336","content-length":"13417"}},"response":{"status":404,"message":"Not Found","header":{}},"app":{"subdomainOffset":2,"proxy":false,"env":"development"},"originalUrl":"/upload-simple","req":"<original node req>","res":"<original node res>","socket":"<original node socket>"}
[2024-10-27T23:44:13.548] [INFO] reqLogger - ------------request start------------request method: POST 
 request url: /upload-simple 
request data: {} 
ctx all: {"request":{"method":"POST","url":"/upload-simple","header":{"authorization":"Bearer eyJhbGciOiJIUzI1NiIsInR5cCI6IkpXVCJ9.eyJpZCI6MSwiZW1haWwiOm51bGwsImlhdCI6MTczMDA0MTE4MiwiZXhwIjoxNzMwMDc3MTgyfQ.vQcM8cQFv6-VbVIvXFrm3B7lPGnsrLHwI76cWBJOomU","user-agent":"PostmanRuntime/7.42.0","accept":"*/*","cache-control":"no-cache","postman-token":"431ae63e-96d9-4995-9122-4813b8087b9c","host":"localhost:3000","accept-encoding":"gzip, deflate, br","connection":"keep-alive","content-type":"multipart/form-data; boundary=--------------------------629002181713836943172146","content-length":"13417"}},"response":{"status":404,"message":"Not Found","header":{}},"app":{"subdomainOffset":2,"proxy":false,"env":"development"},"originalUrl":"/upload-simple","req":"<original node req>","res":"<original node res>","socket":"<original node socket>"}
[2024-10-27T23:44:24.254] [INFO] reqLogger - ------------request start------------request method: POST 
 request url: /upload-simple 
request data: {} 
ctx all: {"request":{"method":"POST","url":"/upload-simple","header":{"authorization":"Bearer eyJhbGciOiJIUzI1NiIsInR5cCI6IkpXVCJ9.eyJpZCI6MSwiZW1haWwiOm51bGwsImlhdCI6MTczMDA0MTE4MiwiZXhwIjoxNzMwMDc3MTgyfQ.vQcM8cQFv6-VbVIvXFrm3B7lPGnsrLHwI76cWBJOomU","user-agent":"PostmanRuntime/7.42.0","accept":"*/*","cache-control":"no-cache","postman-token":"8d1ff52e-b3b7-41b2-a800-1d49c4430056","host":"localhost:3000","accept-encoding":"gzip, deflate, br","connection":"keep-alive","content-type":"multipart/form-data; boundary=--------------------------583484188964771825784712","content-length":"12230"}},"response":{"status":404,"message":"Not Found","header":{}},"app":{"subdomainOffset":2,"proxy":false,"env":"development"},"originalUrl":"/upload-simple","req":"<original node req>","res":"<original node res>","socket":"<original node socket>"}
[2024-10-27T23:45:10.075] [INFO] reqLogger - ------------request start------------request method: POST 
 request url: /upload-simple 
request data: {} 
ctx all: {"request":{"method":"POST","url":"/upload-simple","header":{"authorization":"Bearer eyJhbGciOiJIUzI1NiIsInR5cCI6IkpXVCJ9.eyJpZCI6MSwiZW1haWwiOm51bGwsImlhdCI6MTczMDA0MTE4MiwiZXhwIjoxNzMwMDc3MTgyfQ.vQcM8cQFv6-VbVIvXFrm3B7lPGnsrLHwI76cWBJOomU","user-agent":"PostmanRuntime/7.42.0","accept":"*/*","cache-control":"no-cache","postman-token":"fd43da22-b400-48e5-9917-e519fe2945dc","host":"localhost:3000","accept-encoding":"gzip, deflate, br","connection":"keep-alive","content-type":"multipart/form-data; boundary=--------------------------186645881442354028315746","content-length":"12230"}},"response":{"status":404,"message":"Not Found","header":{}},"app":{"subdomainOffset":2,"proxy":false,"env":"development"},"originalUrl":"/upload-simple","req":"<original node req>","res":"<original node res>","socket":"<original node socket>"}
[2024-10-27T23:45:56.777] [INFO] reqLogger - ------------request start------------request method: POST 
 request url: /upload-simple 
request data: {} 
ctx all: {"request":{"method":"POST","url":"/upload-simple","header":{"authorization":"Bearer eyJhbGciOiJIUzI1NiIsInR5cCI6IkpXVCJ9.eyJpZCI6MSwiZW1haWwiOm51bGwsImlhdCI6MTczMDA0MTE4MiwiZXhwIjoxNzMwMDc3MTgyfQ.vQcM8cQFv6-VbVIvXFrm3B7lPGnsrLHwI76cWBJOomU","user-agent":"PostmanRuntime/7.42.0","accept":"*/*","cache-control":"no-cache","postman-token":"f28fa68f-75ce-45c6-b09e-0facc3e4f433","host":"localhost:3000","accept-encoding":"gzip, deflate, br","connection":"keep-alive","content-type":"multipart/form-data; boundary=--------------------------349461233054987511651943","content-length":"12230"}},"response":{"status":404,"message":"Not Found","header":{}},"app":{"subdomainOffset":2,"proxy":false,"env":"development"},"originalUrl":"/upload-simple","req":"<original node req>","res":"<original node res>","socket":"<original node socket>"}
[2024-10-27T23:46:32.702] [INFO] reqLogger - ------------request start------------request method: POST 
 request url: /upload-simple 
request data: {} 
ctx all: {"request":{"method":"POST","url":"/upload-simple","header":{"authorization":"Bearer eyJhbGciOiJIUzI1NiIsInR5cCI6IkpXVCJ9.eyJpZCI6MSwiZW1haWwiOm51bGwsImlhdCI6MTczMDA0MTE4MiwiZXhwIjoxNzMwMDc3MTgyfQ.vQcM8cQFv6-VbVIvXFrm3B7lPGnsrLHwI76cWBJOomU","user-agent":"PostmanRuntime/7.42.0","accept":"*/*","cache-control":"no-cache","postman-token":"9915a7c2-11bd-4b3b-a158-87c109f33ce1","host":"localhost:3000","accept-encoding":"gzip, deflate, br","connection":"keep-alive","content-type":"multipart/form-data; boundary=--------------------------591446544660627512481818","content-length":"12230"}},"response":{"status":404,"message":"Not Found","header":{}},"app":{"subdomainOffset":2,"proxy":false,"env":"development"},"originalUrl":"/upload-simple","req":"<original node req>","res":"<original node res>","socket":"<original node socket>"}
[2024-10-27T23:46:57.693] [INFO] reqLogger - ------------request start------------request method: POST 
 request url: /upload-simple 
request data: {} 
ctx all: {"request":{"method":"POST","url":"/upload-simple","header":{"authorization":"Bearer eyJhbGciOiJIUzI1NiIsInR5cCI6IkpXVCJ9.eyJpZCI6MSwiZW1haWwiOm51bGwsImlhdCI6MTczMDA0MTE4MiwiZXhwIjoxNzMwMDc3MTgyfQ.vQcM8cQFv6-VbVIvXFrm3B7lPGnsrLHwI76cWBJOomU","user-agent":"PostmanRuntime/7.42.0","accept":"*/*","cache-control":"no-cache","postman-token":"d7c96adb-5227-46ac-b297-34b9485b0e5f","host":"localhost:3000","accept-encoding":"gzip, deflate, br","connection":"keep-alive","content-length":"0"}},"response":{"status":404,"message":"Not Found","header":{}},"app":{"subdomainOffset":2,"proxy":false,"env":"development"},"originalUrl":"/upload-simple","req":"<original node req>","res":"<original node res>","socket":"<original node socket>"}
[2024-10-27T23:47:07.714] [INFO] reqLogger - ------------request start------------request method: POST 
 request url: /upload-simple 
request data: {} 
ctx all: {"request":{"method":"POST","url":"/upload-simple","header":{"authorization":"Bearer eyJhbGciOiJIUzI1NiIsInR5cCI6IkpXVCJ9.eyJpZCI6MSwiZW1haWwiOm51bGwsImlhdCI6MTczMDA0MTE4MiwiZXhwIjoxNzMwMDc3MTgyfQ.vQcM8cQFv6-VbVIvXFrm3B7lPGnsrLHwI76cWBJOomU","user-agent":"PostmanRuntime/7.42.0","accept":"*/*","cache-control":"no-cache","postman-token":"5033bb09-b26e-4fb8-9742-6a982a20c938","host":"localhost:3000","accept-encoding":"gzip, deflate, br","connection":"keep-alive","content-type":"multipart/form-data; boundary=--------------------------439324852665892442844560","content-length":"172"}},"response":{"status":404,"message":"Not Found","header":{}},"app":{"subdomainOffset":2,"proxy":false,"env":"development"},"originalUrl":"/upload-simple","req":"<original node req>","res":"<original node res>","socket":"<original node socket>"}
[2024-10-27T23:47:26.934] [INFO] reqLogger - ------------request start------------request method: POST 
 request url: /upload-simple 
request data: {} 
ctx all: {"request":{"method":"POST","url":"/upload-simple","header":{"authorization":"Bearer eyJhbGciOiJIUzI1NiIsInR5cCI6IkpXVCJ9.eyJpZCI6MSwiZW1haWwiOm51bGwsImlhdCI6MTczMDA0MTE4MiwiZXhwIjoxNzMwMDc3MTgyfQ.vQcM8cQFv6-VbVIvXFrm3B7lPGnsrLHwI76cWBJOomU","user-agent":"PostmanRuntime/7.42.0","accept":"*/*","cache-control":"no-cache","postman-token":"9afde27c-7c3e-4a44-b64f-5cca99a7f249","host":"localhost:3000","accept-encoding":"gzip, deflate, br","connection":"keep-alive","content-type":"multipart/form-data; boundary=--------------------------617505672447964528303400","content-length":"1018"}},"response":{"status":404,"message":"Not Found","header":{}},"app":{"subdomainOffset":2,"proxy":false,"env":"development"},"originalUrl":"/upload-simple","req":"<original node req>","res":"<original node res>","socket":"<original node socket>"}
[2024-10-27T23:48:21.815] [INFO] reqLogger - ------------request start------------request method: POST 
 request url: /upload-simple 
request data: {} 
ctx all: {"request":{"method":"POST","url":"/upload-simple","header":{"authorization":"Bearer eyJhbGciOiJIUzI1NiIsInR5cCI6IkpXVCJ9.eyJpZCI6MSwiZW1haWwiOm51bGwsImlhdCI6MTczMDA0MTE4MiwiZXhwIjoxNzMwMDc3MTgyfQ.vQcM8cQFv6-VbVIvXFrm3B7lPGnsrLHwI76cWBJOomU","user-agent":"PostmanRuntime/7.42.0","accept":"*/*","cache-control":"no-cache","postman-token":"68100f82-0e6e-46a1-87a7-64adc7ad73ef","host":"localhost:3000","accept-encoding":"gzip, deflate, br","connection":"keep-alive","content-type":"multipart/form-data; boundary=--------------------------859787282531823516948528","content-length":"1018"}},"response":{"status":404,"message":"Not Found","header":{}},"app":{"subdomainOffset":2,"proxy":false,"env":"development"},"originalUrl":"/upload-simple","req":"<original node req>","res":"<original node res>","socket":"<original node socket>"}
[2024-10-27T23:51:37.218] [INFO] reqLogger - ------------request start------------request method: POST 
 request url: /upload-simple 
request data: {} 
ctx all: {"request":{"method":"POST","url":"/upload-simple","header":{"authorization":"Bearer eyJhbGciOiJIUzI1NiIsInR5cCI6IkpXVCJ9.eyJpZCI6MSwiZW1haWwiOm51bGwsImlhdCI6MTczMDA0MTE4MiwiZXhwIjoxNzMwMDc3MTgyfQ.vQcM8cQFv6-VbVIvXFrm3B7lPGnsrLHwI76cWBJOomU","user-agent":"PostmanRuntime/7.42.0","accept":"*/*","cache-control":"no-cache","postman-token":"8a459b96-3458-49cc-aa61-51f28ab9f854","host":"localhost:3000","accept-encoding":"gzip, deflate, br","connection":"keep-alive","content-type":"multipart/form-data; boundary=--------------------------950111172305385564969186","content-length":"1018"}},"response":{"status":404,"message":"Not Found","header":{}},"app":{"subdomainOffset":2,"proxy":false,"env":"development"},"originalUrl":"/upload-simple","req":"<original node req>","res":"<original node res>","socket":"<original node socket>"}
[2024-10-27T23:51:48.552] [INFO] reqLogger - ------------request start------------request method: POST 
 request url: /upload-simple 
request data: {} 
ctx all: {"request":{"method":"POST","url":"/upload-simple","header":{"authorization":"Bearer eyJhbGciOiJIUzI1NiIsInR5cCI6IkpXVCJ9.eyJpZCI6MSwiZW1haWwiOm51bGwsImlhdCI6MTczMDA0MTE4MiwiZXhwIjoxNzMwMDc3MTgyfQ.vQcM8cQFv6-VbVIvXFrm3B7lPGnsrLHwI76cWBJOomU","user-agent":"PostmanRuntime/7.42.0","accept":"*/*","cache-control":"no-cache","postman-token":"6ac96c55-77d0-4ce6-b423-7fc1cc3436af","host":"localhost:3000","accept-encoding":"gzip, deflate, br","connection":"keep-alive","content-type":"multipart/form-data; boundary=--------------------------042136870669249793731055","content-length":"1018"}},"response":{"status":404,"message":"Not Found","header":{}},"app":{"subdomainOffset":2,"proxy":false,"env":"development"},"originalUrl":"/upload-simple","req":"<original node req>","res":"<original node res>","socket":"<original node socket>"}
[2024-10-27T23:54:00.474] [INFO] reqLogger - ------------request start------------request method: POST 
 request url: /upload-simple 
request data: {} 
ctx all: {"request":{"method":"POST","url":"/upload-simple","header":{"authorization":"Bearer eyJhbGciOiJIUzI1NiIsInR5cCI6IkpXVCJ9.eyJpZCI6MSwiZW1haWwiOm51bGwsImlhdCI6MTczMDA0MTE4MiwiZXhwIjoxNzMwMDc3MTgyfQ.vQcM8cQFv6-VbVIvXFrm3B7lPGnsrLHwI76cWBJOomU","user-agent":"PostmanRuntime/7.42.0","accept":"*/*","cache-control":"no-cache","postman-token":"7826659e-01ab-4917-9e19-2f4f1e650c09","host":"localhost:3000","accept-encoding":"gzip, deflate, br","connection":"keep-alive","content-type":"multipart/form-data; boundary=--------------------------036654456911262816985678","content-length":"1018"}},"response":{"status":404,"message":"Not Found","header":{}},"app":{"subdomainOffset":2,"proxy":false,"env":"development"},"originalUrl":"/upload-simple","req":"<original node req>","res":"<original node res>","socket":"<original node socket>"}
